<?xml version="1.0" encoding="UTF-8" ?>
<testsuite failures="0" time="0.001" errors="0" skipped="1" tests="1" name="com.thoughtworks.zhanhonglai.TestSQL">
  <properties>
    <property name="java.runtime.name" value="Java(TM) SE Runtime Environment"/>
    <property name="sun.boot.library.path" value="/Library/Java/JavaVirtualMachines/jdk1.7.0_25.jdk/Contents/Home/jre/lib"/>
    <property name="java.vm.version" value="23.25-b01"/>
    <property name="user.country.format" value="CN"/>
    <property name="gopherProxySet" value="false"/>
    <property name="java.vm.vendor" value="Oracle Corporation"/>
    <property name="java.vendor.url" value="http://java.oracle.com/"/>
    <property name="path.separator" value=":"/>
    <property name="java.vm.name" value="Java HotSpot(TM) 64-Bit Server VM"/>
    <property name="file.encoding.pkg" value="sun.io"/>
    <property name="user.country" value="US"/>
    <property name="sun.java.launcher" value="SUN_STANDARD"/>
    <property name="sun.os.patch.level" value="unknown"/>
    <property name="java.vm.specification.name" value="Java Virtual Machine Specification"/>
    <property name="user.dir" value="/Users/twer/Downloads/java/MyWeibo"/>
    <property name="java.runtime.version" value="1.7.0_25-b15"/>
    <property name="java.awt.graphicsenv" value="sun.awt.CGraphicsEnvironment"/>
    <property name="basedir" value="/Users/twer/Downloads/java/MyWeibo"/>
    <property name="java.endorsed.dirs" value="/Library/Java/JavaVirtualMachines/jdk1.7.0_25.jdk/Contents/Home/jre/lib/endorsed"/>
    <property name="os.arch" value="x86_64"/>
    <property name="surefire.real.class.path" value="/Users/twer/Downloads/java/MyWeibo/target/surefire/surefirebooter397089298581939042.jar"/>
    <property name="java.io.tmpdir" value="/var/folders/gv/m43y5g9x1xdc9f2kc2p0kpz00000gn/T/"/>
    <property name="line.separator" value="
"/>
    <property name="java.vm.specification.vendor" value="Oracle Corporation"/>
    <property name="os.name" value="Mac OS X"/>
    <property name="sun.jnu.encoding" value="UTF-8"/>
    <property name="java.library.path" value="/Users/twer/Library/Java/Extensions:/Library/Java/Extensions:/Network/Library/Java/Extensions:/System/Library/Java/Extensions:/usr/lib/java:."/>
    <property name="surefire.test.class.path" value="/Users/twer/Downloads/java/MyWeibo/target/test-classes:/Users/twer/Downloads/java/MyWeibo/target/classes:/Users/twer/.m2/repository/org/springframework/spring-context/3.2.3.RELEASE/spring-context-3.2.3.RELEASE.jar:/Users/twer/.m2/repository/org/springframework/spring-aop/3.2.3.RELEASE/spring-aop-3.2.3.RELEASE.jar:/Users/twer/.m2/repository/org/springframework/spring-beans/3.2.3.RELEASE/spring-beans-3.2.3.RELEASE.jar:/Users/twer/.m2/repository/org/springframework/spring-expression/3.2.3.RELEASE/spring-expression-3.2.3.RELEASE.jar:/Users/twer/.m2/repository/org/springframework/spring-core/3.2.0.RELEASE/spring-core-3.2.0.RELEASE.jar:/Users/twer/.m2/repository/commons-logging/commons-logging/1.1.1/commons-logging-1.1.1.jar:/Users/twer/.m2/repository/org/springframework/spring-web/3.2.0.RELEASE/spring-web-3.2.0.RELEASE.jar:/Users/twer/.m2/repository/aopalliance/aopalliance/1.0/aopalliance-1.0.jar:/Users/twer/.m2/repository/org/springframework/spring-webmvc/3.2.3.RELEASE/spring-webmvc-3.2.3.RELEASE.jar:/Users/twer/.m2/repository/org/codehaus/jackson/jackson-mapper-asl/1.9.5/jackson-mapper-asl-1.9.5.jar:/Users/twer/.m2/repository/org/codehaus/jackson/jackson-core-asl/1.9.5/jackson-core-asl-1.9.5.jar:/Users/twer/.m2/repository/cglib/cglib-nodep/2.2/cglib-nodep-2.2.jar:/Users/twer/.m2/repository/org/slf4j/slf4j-api/1.6.1/slf4j-api-1.6.1.jar:/Users/twer/.m2/repository/org/slf4j/jcl-over-slf4j/1.6.1/jcl-over-slf4j-1.6.1.jar:/Users/twer/.m2/repository/org/slf4j/slf4j-log4j12/1.6.1/slf4j-log4j12-1.6.1.jar:/Users/twer/.m2/repository/mysql/mysql-connector-java/5.1.18/mysql-connector-java-5.1.18.jar:/Users/twer/.m2/repository/log4j/log4j/1.2.9/log4j-1.2.9.jar:/Users/twer/.m2/repository/javax/inject/javax.inject/1/javax.inject-1.jar:/Users/twer/.m2/repository/javax/servlet/servlet-api/2.5/servlet-api-2.5.jar:/Users/twer/.m2/repository/javax/servlet/jsp/jsp-api/2.1/jsp-api-2.1.jar:/Users/twer/.m2/repository/javax/servlet/jstl/1.2/jstl-1.2.jar:/Users/twer/.m2/repository/org/aspectj/aspectjweaver/1.6.6/aspectjweaver-1.6.6.jar:/Users/twer/.m2/repository/junit/junit/4.7/junit-4.7.jar:/Users/twer/.m2/repository/org/springframework/spring-context-support/3.2.0.RELEASE/spring-context-support-3.2.0.RELEASE.jar:/Users/twer/.m2/repository/org/eclipse/jetty/orbit/javax.mail.glassfish/1.4.1.v201005082020/javax.mail.glassfish-1.4.1.v201005082020.jar:/Users/twer/.m2/repository/org/eclipse/jetty/orbit/javax.activation/1.1.0.v201105071233/javax.activation-1.1.0.v201105071233.jar:"/>
    <property name="java.specification.name" value="Java Platform API Specification"/>
    <property name="java.class.version" value="51.0"/>
    <property name="sun.management.compiler" value="HotSpot 64-Bit Tiered Compilers"/>
    <property name="os.version" value="10.8"/>
    <property name="user.home" value="/Users/twer"/>
    <property name="user.timezone" value=""/>
    <property name="java.awt.printerjob" value="sun.lwawt.macosx.CPrinterJob"/>
    <property name="java.specification.version" value="1.7"/>
    <property name="file.encoding" value="UTF-8"/>
    <property name="user.name" value="twer"/>
    <property name="java.class.path" value="/Users/twer/Downloads/java/MyWeibo/target/test-classes:/Users/twer/Downloads/java/MyWeibo/target/classes:/Users/twer/.m2/repository/org/springframework/spring-context/3.2.3.RELEASE/spring-context-3.2.3.RELEASE.jar:/Users/twer/.m2/repository/org/springframework/spring-aop/3.2.3.RELEASE/spring-aop-3.2.3.RELEASE.jar:/Users/twer/.m2/repository/org/springframework/spring-beans/3.2.3.RELEASE/spring-beans-3.2.3.RELEASE.jar:/Users/twer/.m2/repository/org/springframework/spring-expression/3.2.3.RELEASE/spring-expression-3.2.3.RELEASE.jar:/Users/twer/.m2/repository/org/springframework/spring-core/3.2.0.RELEASE/spring-core-3.2.0.RELEASE.jar:/Users/twer/.m2/repository/commons-logging/commons-logging/1.1.1/commons-logging-1.1.1.jar:/Users/twer/.m2/repository/org/springframework/spring-web/3.2.0.RELEASE/spring-web-3.2.0.RELEASE.jar:/Users/twer/.m2/repository/aopalliance/aopalliance/1.0/aopalliance-1.0.jar:/Users/twer/.m2/repository/org/springframework/spring-webmvc/3.2.3.RELEASE/spring-webmvc-3.2.3.RELEASE.jar:/Users/twer/.m2/repository/org/codehaus/jackson/jackson-mapper-asl/1.9.5/jackson-mapper-asl-1.9.5.jar:/Users/twer/.m2/repository/org/codehaus/jackson/jackson-core-asl/1.9.5/jackson-core-asl-1.9.5.jar:/Users/twer/.m2/repository/cglib/cglib-nodep/2.2/cglib-nodep-2.2.jar:/Users/twer/.m2/repository/org/slf4j/slf4j-api/1.6.1/slf4j-api-1.6.1.jar:/Users/twer/.m2/repository/org/slf4j/jcl-over-slf4j/1.6.1/jcl-over-slf4j-1.6.1.jar:/Users/twer/.m2/repository/org/slf4j/slf4j-log4j12/1.6.1/slf4j-log4j12-1.6.1.jar:/Users/twer/.m2/repository/mysql/mysql-connector-java/5.1.18/mysql-connector-java-5.1.18.jar:/Users/twer/.m2/repository/log4j/log4j/1.2.9/log4j-1.2.9.jar:/Users/twer/.m2/repository/javax/inject/javax.inject/1/javax.inject-1.jar:/Users/twer/.m2/repository/javax/servlet/servlet-api/2.5/servlet-api-2.5.jar:/Users/twer/.m2/repository/javax/servlet/jsp/jsp-api/2.1/jsp-api-2.1.jar:/Users/twer/.m2/repository/javax/servlet/jstl/1.2/jstl-1.2.jar:/Users/twer/.m2/repository/org/aspectj/aspectjweaver/1.6.6/aspectjweaver-1.6.6.jar:/Users/twer/.m2/repository/junit/junit/4.7/junit-4.7.jar:/Users/twer/.m2/repository/org/springframework/spring-context-support/3.2.0.RELEASE/spring-context-support-3.2.0.RELEASE.jar:/Users/twer/.m2/repository/org/eclipse/jetty/orbit/javax.mail.glassfish/1.4.1.v201005082020/javax.mail.glassfish-1.4.1.v201005082020.jar:/Users/twer/.m2/repository/org/eclipse/jetty/orbit/javax.activation/1.1.0.v201105071233/javax.activation-1.1.0.v201105071233.jar:"/>
    <property name="java.vm.specification.version" value="1.7"/>
    <property name="sun.arch.data.model" value="64"/>
    <property name="java.home" value="/Library/Java/JavaVirtualMachines/jdk1.7.0_25.jdk/Contents/Home/jre"/>
    <property name="sun.java.command" value="/Users/twer/Downloads/java/MyWeibo/target/surefire/surefirebooter397089298581939042.jar /Users/twer/Downloads/java/MyWeibo/target/surefire/surefire5242163882773500452tmp /Users/twer/Downloads/java/MyWeibo/target/surefire/surefire9080768675803768805tmp"/>
    <property name="java.specification.vendor" value="Oracle Corporation"/>
    <property name="user.language" value="en"/>
    <property name="awt.toolkit" value="sun.lwawt.macosx.LWCToolkit"/>
    <property name="java.vm.info" value="mixed mode"/>
    <property name="java.version" value="1.7.0_25"/>
    <property name="java.ext.dirs" value="/Users/twer/Library/Java/Extensions:/Library/Java/JavaVirtualMachines/jdk1.7.0_25.jdk/Contents/Home/jre/lib/ext:/Library/Java/Extensions:/Network/Library/Java/Extensions:/System/Library/Java/Extensions:/usr/lib/java"/>
    <property name="sun.boot.class.path" value="/Library/Java/JavaVirtualMachines/jdk1.7.0_25.jdk/Contents/Home/jre/lib/resources.jar:/Library/Java/JavaVirtualMachines/jdk1.7.0_25.jdk/Contents/Home/jre/lib/rt.jar:/Library/Java/JavaVirtualMachines/jdk1.7.0_25.jdk/Contents/Home/jre/lib/sunrsasign.jar:/Library/Java/JavaVirtualMachines/jdk1.7.0_25.jdk/Contents/Home/jre/lib/jsse.jar:/Library/Java/JavaVirtualMachines/jdk1.7.0_25.jdk/Contents/Home/jre/lib/jce.jar:/Library/Java/JavaVirtualMachines/jdk1.7.0_25.jdk/Contents/Home/jre/lib/charsets.jar:/Library/Java/JavaVirtualMachines/jdk1.7.0_25.jdk/Contents/Home/jre/lib/jfr.jar:/Library/Java/JavaVirtualMachines/jdk1.7.0_25.jdk/Contents/Home/jre/lib/JObjC.jar:/Library/Java/JavaVirtualMachines/jdk1.7.0_25.jdk/Contents/Home/jre/classes"/>
    <property name="java.vendor" value="Oracle Corporation"/>
    <property name="localRepository" value="/Users/twer/.m2/repository"/>
    <property name="file.separator" value="/"/>
    <property name="java.vendor.url.bug" value="http://bugreport.sun.com/bugreport/"/>
    <property name="sun.cpu.endian" value="little"/>
    <property name="sun.io.unicode.encoding" value="UnicodeBig"/>
    <property name="sun.cpu.isalist" value=""/>
  </properties>
  <testcase time="0.007" classname="com.thoughtworks.zhanhonglai.TestSQL" name="shouldPass">
    <skipped/>
  </testcase>
</testsuite>